{"meta": {"format": 3, "version": "7.11.3", "timestamp": "2025-11-13T20:39:23.863806", "branch_coverage": false, "show_contexts": false}, "files": {"app/__init__.py": {"executed_lines": [1, 3], "summary": {"covered_lines": 1, "num_statements": 1, "percent_covered": 100.0, "percent_covered_display": "100", "missing_lines": 0, "excluded_lines": 0}, "missing_lines": [], "excluded_lines": [], "functions": {"": {"executed_lines": [1, 3], "summary": {"covered_lines": 1, "num_statements": 1, "percent_covered": 100.0, "percent_covered_display": "100", "missing_lines": 0, "excluded_lines": 0}, "missing_lines": [], "excluded_lines": []}}, "classes": {"": {"executed_lines": [1, 3], "summary": {"covered_lines": 1, "num_statements": 1, "percent_covered": 100.0, "percent_covered_display": "100", "missing_lines": 0, "excluded_lines": 0}, "missing_lines": [], "excluded_lines": []}}}, "app/api/__init__.py": {"executed_lines": [1], "summary": {"covered_lines": 0, "num_statements": 0, "percent_covered": 100.0, "percent_covered_display": "100", "missing_lines": 0, "excluded_lines": 0}, "missing_lines": [], "excluded_lines": [], "functions": {"": {"executed_lines": [1], "summary": {"covered_lines": 0, "num_statements": 0, "percent_covered": 100.0, "percent_covered_display": "100", "missing_lines": 0, "excluded_lines": 0}, "missing_lines": [], "excluded_lines": []}}, "classes": {"": {"executed_lines": [1], "summary": {"covered_lines": 0, "num_statements": 0, "percent_covered": 100.0, "percent_covered_display": "100", "missing_lines": 0, "excluded_lines": 0}, "missing_lines": [], "excluded_lines": []}}}, "app/api/v1/__init__.py": {"executed_lines": [1, 3, 5, 6, 9, 12, 13, 14, 15, 17], "summary": {"covered_lines": 9, "num_statements": 9, "percent_covered": 100.0, "percent_covered_display": "100", "missing_lines": 0, "excluded_lines": 0}, "missing_lines": [], "excluded_lines": [], "functions": {"": {"executed_lines": [1, 3, 5, 6, 9, 12, 13, 14, 15, 17], "summary": {"covered_lines": 9, "num_statements": 9, "percent_covered": 100.0, "percent_covered_display": "100", "missing_lines": 0, "excluded_lines": 0}, "missing_lines": [], "excluded_lines": []}}, "classes": {"": {"executed_lines": [1, 3, 5, 6, 9, 12, 13, 14, 15, 17], "summary": {"covered_lines": 9, "num_statements": 9, "percent_covered": 100.0, "percent_covered_display": "100", "missing_lines": 0, "excluded_lines": 0}, "missing_lines": [], "excluded_lines": []}}}, "app/api/v1/endpoints/__init__.py": {"executed_lines": [1, 3, 5], "summary": {"covered_lines": 2, "num_statements": 2, "percent_covered": 100.0, "percent_covered_display": "100", "missing_lines": 0, "excluded_lines": 0}, "missing_lines": [], "excluded_lines": [], "functions": {"": {"executed_lines": [1, 3, 5], "summary": {"covered_lines": 2, "num_statements": 2, "percent_covered": 100.0, "percent_covered_display": "100", "missing_lines": 0, "excluded_lines": 0}, "missing_lines": [], "excluded_lines": []}}, "classes": {"": {"executed_lines": [1, 3, 5], "summary": {"covered_lines": 2, "num_statements": 2, "percent_covered": 100.0, "percent_covered_display": "100", "missing_lines": 0, "excluded_lines": 0}, "missing_lines": [], "excluded_lines": []}}}, "app/api/v1/endpoints/export.py": {"executed_lines": [1, 8, 9, 10, 11, 12, 15, 16, 19, 20, 22, 23, 26, 27, 78, 80, 83, 84, 85, 88, 111, 112, 156, 158, 161, 186, 187, 240, 242, 245, 246, 248, 250, 251, 253, 255, 256, 257, 258, 260, 261, 263, 273, 275, 298, 299, 351, 353, 354, 357, 360, 363, 364, 365, 368, 377, 379], "summary": {"covered_lines": 56, "num_statements": 71, "percent_covered": 78.87323943661971, "percent_covered_display": "79", "missing_lines": 15, "excluded_lines": 0}, "missing_lines": [17, 97, 99, 103, 105, 172, 174, 178, 180, 284, 286, 290, 292, 383, 385], "excluded_lines": [], "functions": {"export_pdf": {"executed_lines": [78, 80, 83, 84, 85, 88], "summary": {"covered_lines": 6, "num_statements": 10, "percent_covered": 60.0, "percent_covered_display": "60", "missing_lines": 4, "excluded_lines": 0}, "missing_lines": [97, 99, 103, 105], "excluded_lines": []}, "export_json": {"executed_lines": [156, 158, 161], "summary": {"covered_lines": 3, "num_statements": 7, "percent_covered": 42.857142857142854, "percent_covered_display": "43", "missing_lines": 4, "excluded_lines": 0}, "missing_lines": [172, 174, 178, 180], "excluded_lines": []}, "export_svg": {"executed_lines": [240, 242, 245, 246, 248, 250, 251, 253, 255, 256, 257, 258, 260, 261, 263, 273, 275], "summary": {"covered_lines": 17, "num_statements": 21, "percent_covered": 80.95238095238095, "percent_covered_display": "81", "missing_lines": 4, "excluded_lines": 0}, "missing_lines": [284, 286, 290, 292], "excluded_lines": []}, "export_png": {"executed_lines": [351, 353, 354, 357, 360, 363, 364, 365, 368, 377, 379], "summary": {"covered_lines": 11, "num_statements": 13, "percent_covered": 84.61538461538461, "percent_covered_display": "85", "missing_lines": 2, "excluded_lines": 0}, "missing_lines": [383, 385], "excluded_lines": []}, "": {"executed_lines": [1, 8, 9, 10, 11, 12, 15, 16, 19, 20, 22, 23, 26, 27, 111, 112, 186, 187, 298, 299], "summary": {"covered_lines": 19, "num_statements": 20, "percent_covered": 95.0, "percent_covered_display": "95", "missing_lines": 1, "excluded_lines": 0}, "missing_lines": [17], "excluded_lines": []}}, "classes": {"": {"executed_lines": [1, 8, 9, 10, 11, 12, 15, 16, 19, 20, 22, 23, 26, 27, 78, 80, 83, 84, 85, 88, 111, 112, 156, 158, 161, 186, 187, 240, 242, 245, 246, 248, 250, 251, 253, 255, 256, 257, 258, 260, 261, 263, 273, 275, 298, 299, 351, 353, 354, 357, 360, 363, 364, 365, 368, 377, 379], "summary": {"covered_lines": 56, "num_statements": 71, "percent_covered": 78.87323943661971, "percent_covered_display": "79", "missing_lines": 15, "excluded_lines": 0}, "missing_lines": [17, 97, 99, 103, 105, 172, 174, 178, 180, 284, 286, 290, 292, 383, 385], "excluded_lines": []}}}, "app/api/v1/endpoints/parser.py": {"executed_lines": [1, 7, 8, 9, 11, 14, 15, 18, 19, 21, 30, 31, 33, 37, 41, 47, 48, 50, 54, 60, 144, 160, 162, 165, 168, 173, 175], "summary": {"covered_lines": 23, "num_statements": 25, "percent_covered": 92.0, "percent_covered_display": "92", "missing_lines": 2, "excluded_lines": 0}, "missing_lines": [180, 182], "excluded_lines": [], "functions": {"parse_pattern": {"executed_lines": [160, 162, 165, 168, 173, 175], "summary": {"covered_lines": 6, "num_statements": 8, "percent_covered": 75.0, "percent_covered_display": "75", "missing_lines": 2, "excluded_lines": 0}, "missing_lines": [180, 182], "excluded_lines": []}, "": {"executed_lines": [1, 7, 8, 9, 11, 14, 15, 18, 19, 21, 30, 31, 33, 37, 41, 47, 48, 50, 54, 60, 144], "summary": {"covered_lines": 17, "num_statements": 17, "percent_covered": 100.0, "percent_covered_display": "100", "missing_lines": 0, "excluded_lines": 0}, "missing_lines": [], "excluded_lines": []}}, "classes": {"ParseRequest": {"executed_lines": [], "summary": {"covered_lines": 0, "num_statements": 0, "percent_covered": 100.0, "percent_covered_display": "100", "missing_lines": 0, "excluded_lines": 0}, "missing_lines": [], "excluded_lines": []}, "ValidationResult": {"executed_lines": [], "summary": {"covered_lines": 0, "num_statements": 0, "percent_covered": 100.0, "percent_covered_display": "100", "missing_lines": 0, "excluded_lines": 0}, "missing_lines": [], "excluded_lines": []}, "ParseResponse": {"executed_lines": [], "summary": {"covered_lines": 0, "num_statements": 0, "percent_covered": 100.0, "percent_covered_display": "100", "missing_lines": 0, "excluded_lines": 0}, "missing_lines": [], "excluded_lines": []}, "": {"executed_lines": [1, 7, 8, 9, 11, 14, 15, 18, 19, 21, 30, 31, 33, 37, 41, 47, 48, 50, 54, 60, 144, 160, 162, 165, 168, 173, 175], "summary": {"covered_lines": 23, "num_statements": 25, "percent_covered": 92.0, "percent_covered_display": "92", "missing_lines": 2, "excluded_lines": 0}, "missing_lines": [180, 182], "excluded_lines": []}}}, "app/api/v1/endpoints/telemetry.py": {"executed_lines": [1, 8, 9, 10, 12, 15, 18, 19, 21, 26, 39, 102, 119, 121, 127, 129, 131, 136, 139], "summary": {"covered_lines": 17, "num_statements": 17, "percent_covered": 100.0, "percent_covered_display": "100", "missing_lines": 0, "excluded_lines": 0}, "missing_lines": [], "excluded_lines": [], "functions": {"track_event": {"executed_lines": [119, 121, 127, 129, 131, 136, 139], "summary": {"covered_lines": 7, "num_statements": 7, "percent_covered": 100.0, "percent_covered_display": "100", "missing_lines": 0, "excluded_lines": 0}, "missing_lines": [], "excluded_lines": []}, "": {"executed_lines": [1, 8, 9, 10, 12, 15, 18, 19, 21, 26, 39, 102], "summary": {"covered_lines": 10, "num_statements": 10, "percent_covered": 100.0, "percent_covered_display": "100", "missing_lines": 0, "excluded_lines": 0}, "missing_lines": [], "excluded_lines": []}}, "classes": {"TelemetryEventRequest": {"executed_lines": [], "summary": {"covered_lines": 0, "num_statements": 0, "percent_covered": 100.0, "percent_covered_display": "100", "missing_lines": 0, "excluded_lines": 0}, "missing_lines": [], "excluded_lines": []}, "": {"executed_lines": [1, 8, 9, 10, 12, 15, 18, 19, 21, 26, 39, 102, 119, 121, 127, 129, 131, 136, 139], "summary": {"covered_lines": 17, "num_statements": 17, "percent_covered": 100.0, "percent_covered_display": "100", "missing_lines": 0, "excluded_lines": 0}, "missing_lines": [], "excluded_lines": []}}}, "app/api/v1/endpoints/visualization.py": {"executed_lines": [1, 7, 8, 9, 10, 11, 14, 15, 18, 20, 21, 24, 25, 87, 88, 89], "summary": {"covered_lines": 15, "num_statements": 20, "percent_covered": 75.0, "percent_covered_display": "75", "missing_lines": 5, "excluded_lines": 0}, "missing_lines": [16, 90, 91, 95, 96], "excluded_lines": [], "functions": {"generate_visualization_frames": {"executed_lines": [87, 88, 89], "summary": {"covered_lines": 3, "num_statements": 7, "percent_covered": 42.857142857142854, "percent_covered_display": "43", "missing_lines": 4, "excluded_lines": 0}, "missing_lines": [90, 91, 95, 96], "excluded_lines": []}, "": {"executed_lines": [1, 7, 8, 9, 10, 11, 14, 15, 18, 20, 21, 24, 25], "summary": {"covered_lines": 12, "num_statements": 13, "percent_covered": 92.3076923076923, "percent_covered_display": "92", "missing_lines": 1, "excluded_lines": 0}, "missing_lines": [16], "excluded_lines": []}}, "classes": {"": {"executed_lines": [1, 7, 8, 9, 10, 11, 14, 15, 18, 20, 21, 24, 25, 87, 88, 89], "summary": {"covered_lines": 15, "num_statements": 20, "percent_covered": 75.0, "percent_covered_display": "75", "missing_lines": 5, "excluded_lines": 0}, "missing_lines": [16, 90, 91, 95, 96], "excluded_lines": []}}}, "app/core/__init__.py": {"executed_lines": [1, 3, 5], "summary": {"covered_lines": 2, "num_statements": 2, "percent_covered": 100.0, "percent_covered_display": "100", "missing_lines": 0, "excluded_lines": 0}, "missing_lines": [], "excluded_lines": [], "functions": {"": {"executed_lines": [1, 3, 5], "summary": {"covered_lines": 2, "num_statements": 2, "percent_covered": 100.0, "percent_covered_display": "100", "missing_lines": 0, "excluded_lines": 0}, "missing_lines": [], "excluded_lines": []}}, "classes": {"": {"executed_lines": [1, 3, 5], "summary": {"covered_lines": 2, "num_statements": 2, "percent_covered": 100.0, "percent_covered_display": "100", "missing_lines": 0, "excluded_lines": 0}, "missing_lines": [], "excluded_lines": []}}}, "app/core/config.py": {"executed_lines": [1, 8, 10, 11, 14, 15, 23, 24, 25, 28, 29, 32, 40, 41, 42, 45, 48, 50, 57, 58, 59, 61, 63, 65, 66, 67, 69, 70, 71, 73, 77], "summary": {"covered_lines": 29, "num_statements": 31, "percent_covered": 93.54838709677419, "percent_covered_display": "94", "missing_lines": 2, "excluded_lines": 0}, "missing_lines": [62, 72], "excluded_lines": [], "functions": {"Settings.parse_cors_origins": {"executed_lines": [61, 63], "summary": {"covered_lines": 2, "num_statements": 3, "percent_covered": 66.66666666666667, "percent_covered_display": "67", "missing_lines": 1, "excluded_lines": 0}, "missing_lines": [62], "excluded_lines": []}, "Settings.validate_log_level": {"executed_lines": [69, 70, 71, 73], "summary": {"covered_lines": 4, "num_statements": 5, "percent_covered": 80.0, "percent_covered_display": "80", "missing_lines": 1, "excluded_lines": 0}, "missing_lines": [72], "excluded_lines": []}, "": {"executed_lines": [1, 8, 10, 11, 14, 15, 23, 24, 25, 28, 29, 32, 40, 41, 42, 45, 48, 50, 57, 58, 59, 65, 66, 67, 77], "summary": {"covered_lines": 23, "num_statements": 23, "percent_covered": 100.0, "percent_covered_display": "100", "missing_lines": 0, "excluded_lines": 0}, "missing_lines": [], "excluded_lines": []}}, "classes": {"Settings": {"executed_lines": [61, 63, 69, 70, 71, 73], "summary": {"covered_lines": 6, "num_statements": 8, "percent_covered": 75.0, "percent_covered_display": "75", "missing_lines": 2, "excluded_lines": 0}, "missing_lines": [62, 72], "excluded_lines": []}, "": {"executed_lines": [1, 8, 10, 11, 14, 15, 23, 24, 25, 28, 29, 32, 40, 41, 42, 45, 48, 50, 57, 58, 59, 65, 66, 67, 77], "summary": {"covered_lines": 23, "num_statements": 23, "percent_covered": 100.0, "percent_covered_display": "100", "missing_lines": 0, "excluded_lines": 0}, "missing_lines": [], "excluded_lines": []}}}, "app/main.py": {"executed_lines": [1, 8, 9, 11, 12, 13, 15, 16, 19, 20, 38, 59, 69, 70, 80, 91, 92, 99, 112, 115], "summary": {"covered_lines": 19, "num_statements": 27, "percent_covered": 70.37037037037037, "percent_covered_display": "70", "missing_lines": 8, "excluded_lines": 0}, "missing_lines": [27, 28, 29, 31, 34, 116, 121, 123], "excluded_lines": [], "functions": {"lifespan": {"executed_lines": [], "summary": {"covered_lines": 0, "num_statements": 5, "percent_covered": 0.0, "percent_covered_display": "0", "missing_lines": 5, "excluded_lines": 0}, "missing_lines": [27, 28, 29, 31, 34], "excluded_lines": []}, "health_check": {"executed_lines": [80], "summary": {"covered_lines": 1, "num_statements": 1, "percent_covered": 100.0, "percent_covered_display": "100", "missing_lines": 0, "excluded_lines": 0}, "missing_lines": [], "excluded_lines": []}, "root": {"executed_lines": [99], "summary": {"covered_lines": 1, "num_statements": 1, "percent_covered": 100.0, "percent_covered_display": "100", "missing_lines": 0, "excluded_lines": 0}, "missing_lines": [], "excluded_lines": []}, "": {"executed_lines": [1, 8, 9, 11, 12, 13, 15, 16, 19, 20, 38, 59, 69, 70, 91, 92, 112, 115], "summary": {"covered_lines": 17, "num_statements": 20, "percent_covered": 85.0, "percent_covered_display": "85", "missing_lines": 3, "excluded_lines": 0}, "missing_lines": [116, 121, 123], "excluded_lines": []}}, "classes": {"": {"executed_lines": [1, 8, 9, 11, 12, 13, 15, 16, 19, 20, 38, 59, 69, 70, 80, 91, 92, 99, 112, 115], "summary": {"covered_lines": 19, "num_statements": 27, "percent_covered": 70.37037037037037, "percent_covered_display": "70", "missing_lines": 8, "excluded_lines": 0}, "missing_lines": [27, 28, 29, 31, 34, 116, 121, 123], "excluded_lines": []}}}, "app/models/__init__.py": {"executed_lines": [1], "summary": {"covered_lines": 0, "num_statements": 0, "percent_covered": 100.0, "percent_covered_display": "100", "missing_lines": 0, "excluded_lines": 0}, "missing_lines": [], "excluded_lines": [], "functions": {"": {"executed_lines": [1], "summary": {"covered_lines": 0, "num_statements": 0, "percent_covered": 100.0, "percent_covered_display": "100", "missing_lines": 0, "excluded_lines": 0}, "missing_lines": [], "excluded_lines": []}}, "classes": {"": {"executed_lines": [1], "summary": {"covered_lines": 0, "num_statements": 0, "percent_covered": 100.0, "percent_covered_display": "100", "missing_lines": 0, "excluded_lines": 0}, "missing_lines": [], "excluded_lines": []}}}, "app/models/visualization.py": {"executed_lines": [1, 8, 9, 12, 13, 24, 26, 32, 37, 42, 47, 48, 59, 61, 64, 69, 70, 87, 89, 92, 95, 98, 99, 104, 105, 119, 121, 122, 123], "summary": {"covered_lines": 24, "num_statements": 24, "percent_covered": 100.0, "percent_covered_display": "100", "missing_lines": 0, "excluded_lines": 0}, "missing_lines": [], "excluded_lines": [], "functions": {"": {"executed_lines": [1, 8, 9, 12, 13, 24, 26, 32, 37, 42, 47, 48, 59, 61, 64, 69, 70, 87, 89, 92, 95, 98, 99, 104, 105, 119, 121, 122, 123], "summary": {"covered_lines": 24, "num_statements": 24, "percent_covered": 100.0, "percent_covered_display": "100", "missing_lines": 0, "excluded_lines": 0}, "missing_lines": [], "excluded_lines": []}}, "classes": {"RenderNode": {"executed_lines": [], "summary": {"covered_lines": 0, "num_statements": 0, "percent_covered": 100.0, "percent_covered_display": "100", "missing_lines": 0, "excluded_lines": 0}, "missing_lines": [], "excluded_lines": []}, "RenderEdge": {"executed_lines": [], "summary": {"covered_lines": 0, "num_statements": 0, "percent_covered": 100.0, "percent_covered_display": "100", "missing_lines": 0, "excluded_lines": 0}, "missing_lines": [], "excluded_lines": []}, "VisualizationFrame": {"executed_lines": [], "summary": {"covered_lines": 0, "num_statements": 0, "percent_covered": 100.0, "percent_covered_display": "100", "missing_lines": 0, "excluded_lines": 0}, "missing_lines": [], "excluded_lines": []}, "VisualizationResponse": {"executed_lines": [], "summary": {"covered_lines": 0, "num_statements": 0, "percent_covered": 100.0, "percent_covered_display": "100", "missing_lines": 0, "excluded_lines": 0}, "missing_lines": [], "excluded_lines": []}, "": {"executed_lines": [1, 8, 9, 12, 13, 24, 26, 32, 37, 42, 47, 48, 59, 61, 64, 69, 70, 87, 89, 92, 95, 98, 99, 104, 105, 119, 121, 122, 123], "summary": {"covered_lines": 24, "num_statements": 24, "percent_covered": 100.0, "percent_covered_display": "100", "missing_lines": 0, "excluded_lines": 0}, "missing_lines": [], "excluded_lines": []}}}, "app/services/__init__.py": {"executed_lines": [1, 3, 4, 6], "summary": {"covered_lines": 3, "num_statements": 3, "percent_covered": 100.0, "percent_covered_display": "100", "missing_lines": 0, "excluded_lines": 0}, "missing_lines": [], "excluded_lines": [], "functions": {"": {"executed_lines": [1, 3, 4, 6], "summary": {"covered_lines": 3, "num_statements": 3, "percent_covered": 100.0, "percent_covered_display": "100", "missing_lines": 0, "excluded_lines": 0}, "missing_lines": [], "excluded_lines": []}}, "classes": {"": {"executed_lines": [1, 3, 4, 6], "summary": {"covered_lines": 3, "num_statements": 3, "percent_covered": 100.0, "percent_covered_display": "100", "missing_lines": 0, "excluded_lines": 0}, "missing_lines": [], "excluded_lines": []}}}, "app/services/export_service.py": {"executed_lines": [1, 8, 9, 10, 11, 14, 15, 18, 21, 24, 27, 28, 29, 30, 31, 32, 35, 36, 39, 40, 62, 63, 64, 65, 67, 97, 98, 101, 104, 107, 117, 118, 121, 130, 139, 148, 149, 152, 153, 154, 155, 158, 159, 160, 163, 166, 167, 169, 171, 192, 194, 208, 211, 212, 213, 214, 217, 224, 225, 227, 228, 231, 232, 233, 234, 235, 236, 237, 238, 239, 241, 244, 245, 246, 247, 249, 251, 264, 267, 272, 273, 276, 277, 280, 284, 287, 288, 293, 294, 297, 298, 317, 319, 321, 334, 337, 338, 339, 340, 342, 344, 360, 361, 364, 365, 366, 367, 369, 370, 372, 375, 378, 381, 382, 384, 386, 416, 417, 420, 422, 423, 425, 427, 428, 429, 430, 431, 434, 436, 464, 465, 467, 470, 472, 477, 479, 480, 482, 502, 503, 504, 505, 508, 517, 518, 521, 532, 533, 535, 536, 539, 551, 552, 554, 555, 556, 559, 562, 574, 575, 578, 590, 593, 595, 609, 610, 611, 613, 614, 617, 625, 626, 629, 634, 635, 638, 646, 647, 648, 650, 662, 664, 665, 666, 669, 671, 683, 690, 693], "summary": {"covered_lines": 187, "num_statements": 190, "percent_covered": 98.42105263157895, "percent_covered_display": "98", "missing_lines": 3, "excluded_lines": 0}, "missing_lines": [22, 557, 667], "excluded_lines": [], "functions": {"ExportService.generate_pdf": {"executed_lines": [97, 98, 101, 104, 107, 117, 118, 121, 130, 139, 148, 149, 152, 153, 154, 155, 158, 159, 160, 163, 166, 167, 169], "summary": {"covered_lines": 23, "num_statements": 23, "percent_covered": 100.0, "percent_covered_display": "100", "missing_lines": 0, "excluded_lines": 0}, "missing_lines": [], "excluded_lines": []}, "ExportService.generate_json": {"executed_lines": [192], "summary": {"covered_lines": 1, "num_statements": 1, "percent_covered": 100.0, "percent_covered_display": "100", "missing_lines": 0, "excluded_lines": 0}, "missing_lines": [], "excluded_lines": []}, "ExportService._create_cover_section": {"executed_lines": [208, 211, 212, 213, 214, 217, 224, 225, 227, 228, 231, 232, 233, 234, 235, 236, 237, 238, 239, 241, 244, 245, 246, 247, 249], "summary": {"covered_lines": 25, "num_statements": 25, "percent_covered": 100.0, "percent_covered_display": "100", "missing_lines": 0, "excluded_lines": 0}, "missing_lines": [], "excluded_lines": []}, "ExportService._create_materials_section": {"executed_lines": [264, 267, 272, 273, 276, 277, 280, 284, 287, 288, 293, 294, 297, 298, 317, 319], "summary": {"covered_lines": 16, "num_statements": 16, "percent_covered": 100.0, "percent_covered_display": "100", "missing_lines": 0, "excluded_lines": 0}, "missing_lines": [], "excluded_lines": []}, "ExportService._create_pattern_section": {"executed_lines": [334, 337, 338, 339, 340, 342], "summary": {"covered_lines": 6, "num_statements": 6, "percent_covered": 100.0, "percent_covered_display": "100", "missing_lines": 0, "excluded_lines": 0}, "missing_lines": [], "excluded_lines": []}, "ExportService._format_round": {"executed_lines": [360, 361, 364, 365, 366, 367, 369, 370, 372, 375, 378, 381, 382, 384], "summary": {"covered_lines": 14, "num_statements": 14, "percent_covered": 100.0, "percent_covered_display": "100", "missing_lines": 0, "excluded_lines": 0}, "missing_lines": [], "excluded_lines": []}, "ExportService.generate_svg": {"executed_lines": [416, 417, 420, 422, 423, 425, 427, 428, 429, 430, 431, 434], "summary": {"covered_lines": 12, "num_statements": 12, "percent_covered": 100.0, "percent_covered_display": "100", "missing_lines": 0, "excluded_lines": 0}, "missing_lines": [], "excluded_lines": []}, "ExportService.generate_png": {"executed_lines": [464, 465, 467, 470, 472, 477, 479, 480], "summary": {"covered_lines": 8, "num_statements": 8, "percent_covered": 100.0, "percent_covered_display": "100", "missing_lines": 0, "excluded_lines": 0}, "missing_lines": [], "excluded_lines": []}, "ExportService._frame_to_svg": {"executed_lines": [502, 503, 504, 505, 508, 517, 518, 521, 532, 533, 535, 536, 539, 551, 552, 554, 555, 556, 559, 562, 574, 575, 578, 590, 593], "summary": {"covered_lines": 25, "num_statements": 26, "percent_covered": 96.15384615384616, "percent_covered_display": "96", "missing_lines": 1, "excluded_lines": 0}, "missing_lines": [557], "excluded_lines": []}, "ExportService._frames_to_composite_svg": {"executed_lines": [609, 610, 611, 613, 614, 617, 625, 626, 629, 634, 635, 638, 646, 647, 648, 650, 662, 664, 665, 666, 669, 671, 683, 690, 693], "summary": {"covered_lines": 25, "num_statements": 26, "percent_covered": 96.15384615384616, "percent_covered_display": "96", "missing_lines": 1, "excluded_lines": 0}, "missing_lines": [667], "excluded_lines": []}, "": {"executed_lines": [1, 8, 9, 10, 11, 14, 15, 18, 21, 24, 27, 28, 29, 30, 31, 32, 35, 36, 39, 40, 62, 63, 64, 65, 67, 171, 194, 251, 321, 344, 386, 436, 482, 595], "summary": {"covered_lines": 32, "num_statements": 33, "percent_covered": 96.96969696969697, "percent_covered_display": "97", "missing_lines": 1, "excluded_lines": 0}, "missing_lines": [22], "excluded_lines": []}}, "classes": {"ExportService": {"executed_lines": [97, 98, 101, 104, 107, 117, 118, 121, 130, 139, 148, 149, 152, 153, 154, 155, 158, 159, 160, 163, 166, 167, 169, 192, 208, 211, 212, 213, 214, 217, 224, 225, 227, 228, 231, 232, 233, 234, 235, 236, 237, 238, 239, 241, 244, 245, 246, 247, 249, 264, 267, 272, 273, 276, 277, 280, 284, 287, 288, 293, 294, 297, 298, 317, 319, 334, 337, 338, 339, 340, 342, 360, 361, 364, 365, 366, 367, 369, 370, 372, 375, 378, 381, 382, 384, 416, 417, 420, 422, 423, 425, 427, 428, 429, 430, 431, 434, 464, 465, 467, 470, 472, 477, 479, 480, 502, 503, 504, 505, 508, 517, 518, 521, 532, 533, 535, 536, 539, 551, 552, 554, 555, 556, 559, 562, 574, 575, 578, 590, 593, 609, 610, 611, 613, 614, 617, 625, 626, 629, 634, 635, 638, 646, 647, 648, 650, 662, 664, 665, 666, 669, 671, 683, 690, 693], "summary": {"covered_lines": 155, "num_statements": 157, "percent_covered": 98.72611464968153, "percent_covered_display": "99", "missing_lines": 2, "excluded_lines": 0}, "missing_lines": [557, 667], "excluded_lines": []}, "": {"executed_lines": [1, 8, 9, 10, 11, 14, 15, 18, 21, 24, 27, 28, 29, 30, 31, 32, 35, 36, 39, 40, 62, 63, 64, 65, 67, 171, 194, 251, 321, 344, 386, 436, 482, 595], "summary": {"covered_lines": 32, "num_statements": 33, "percent_covered": 96.96969696969697, "percent_covered_display": "97", "missing_lines": 1, "excluded_lines": 0}, "missing_lines": [22], "excluded_lines": []}}}, "app/services/parser_service.py": {"executed_lines": [1, 8, 9, 10, 11, 14, 15, 16, 18, 27, 28, 30, 38, 39, 40, 45, 46, 70, 71, 74, 86, 97, 110, 111, 113, 114, 116, 117, 120, 121, 123, 124, 125, 126, 127, 133, 134, 137, 152, 166, 167, 168, 173, 174, 175, 177, 178, 184, 185, 186, 187, 194, 196, 213, 216, 217, 218, 219, 221, 228, 231, 234, 239, 242, 243, 245, 250, 252, 274, 275, 277, 278, 283, 284, 286, 289, 291, 292, 293, 296, 297, 298, 299, 300, 301, 307, 309, 323, 326, 327, 328, 332, 333, 335, 336, 340, 341, 347, 351, 352, 355, 356, 357, 358, 360, 365, 372, 375, 376, 379, 386, 390, 410, 411, 413, 414, 415, 418, 419, 420, 421, 424, 427, 428, 429, 430, 435, 441, 454, 455, 456, 458, 459, 460, 464, 465, 466], "summary": {"covered_lines": 134, "num_statements": 147, "percent_covered": 91.15646258503402, "percent_covered_display": "91", "missing_lines": 13, "excluded_lines": 0}, "missing_lines": [128, 129, 188, 189, 222, 246, 294, 302, 303, 329, 361, 366, 380], "excluded_lines": [], "functions": {"ParserError.__init__": {"executed_lines": [38, 39, 40], "summary": {"covered_lines": 3, "num_statements": 3, "percent_covered": 100.0, "percent_covered_display": "100", "missing_lines": 0, "excluded_lines": 0}, "missing_lines": [], "excluded_lines": []}, "PatternParserService.parse": {"executed_lines": [110, 111, 113, 114, 116, 117, 120, 121, 123, 124, 125, 126, 127, 133, 134, 137], "summary": {"covered_lines": 16, "num_statements": 18, "percent_covered": 88.88888888888889, "percent_covered_display": "89", "missing_lines": 2, "excluded_lines": 0}, "missing_lines": [128, 129], "excluded_lines": []}, "PatternParserService._parse_round": {"executed_lines": [166, 167, 168, 173, 174, 175, 177, 178, 184, 185, 186, 187, 194], "summary": {"covered_lines": 13, "num_statements": 15, "percent_covered": 86.66666666666667, "percent_covered_display": "87", "missing_lines": 2, "excluded_lines": 0}, "missing_lines": [188, 189], "excluded_lines": []}, "PatternParserService._parse_operations": {"executed_lines": [213, 216, 217, 218, 219, 221, 228, 231, 234, 239, 242, 243, 245, 250], "summary": {"covered_lines": 14, "num_statements": 16, "percent_covered": 87.5, "percent_covered_display": "88", "missing_lines": 2, "excluded_lines": 0}, "missing_lines": [222, 246], "excluded_lines": []}, "PatternParserService._parse_simple_ops": {"executed_lines": [274, 275, 277, 278, 283, 284, 286, 289, 291, 292, 293, 296, 297, 298, 299, 300, 301, 307], "summary": {"covered_lines": 18, "num_statements": 21, "percent_covered": 85.71428571428571, "percent_covered_display": "86", "missing_lines": 3, "excluded_lines": 0}, "missing_lines": [294, 302, 303], "excluded_lines": []}, "PatternParserService._parse_single_op": {"executed_lines": [323, 326, 327, 328, 332, 333, 335, 336, 340, 341, 347, 351, 352, 355, 356, 357, 358, 360, 365, 372, 375, 376, 379, 386], "summary": {"covered_lines": 24, "num_statements": 28, "percent_covered": 85.71428571428571, "percent_covered_display": "86", "missing_lines": 4, "excluded_lines": 0}, "missing_lines": [329, 361, 366, 380], "excluded_lines": []}, "PatternParserService.validate_parse": {"executed_lines": [410, 411, 413, 414, 415, 418, 419, 420, 421, 424, 427, 428, 429, 430, 435], "summary": {"covered_lines": 15, "num_statements": 15, "percent_covered": 100.0, "percent_covered_display": "100", "missing_lines": 0, "excluded_lines": 0}, "missing_lines": [], "excluded_lines": []}, "PatternParserService._compute_stitch_count": {"executed_lines": [454, 455, 456, 458, 459, 460, 464, 465, 466], "summary": {"covered_lines": 9, "num_statements": 9, "percent_covered": 100.0, "percent_covered_display": "100", "missing_lines": 0, "excluded_lines": 0}, "missing_lines": [], "excluded_lines": []}, "": {"executed_lines": [1, 8, 9, 10, 11, 14, 15, 16, 18, 27, 28, 30, 45, 46, 70, 71, 74, 86, 97, 152, 196, 252, 309, 390, 441], "summary": {"covered_lines": 22, "num_statements": 22, "percent_covered": 100.0, "percent_covered_display": "100", "missing_lines": 0, "excluded_lines": 0}, "missing_lines": [], "excluded_lines": []}}, "classes": {"ParserError": {"executed_lines": [38, 39, 40], "summary": {"covered_lines": 3, "num_statements": 3, "percent_covered": 100.0, "percent_covered_display": "100", "missing_lines": 0, "excluded_lines": 0}, "missing_lines": [], "excluded_lines": []}, "PatternParserService": {"executed_lines": [110, 111, 113, 114, 116, 117, 120, 121, 123, 124, 125, 126, 127, 133, 134, 137, 166, 167, 168, 173, 174, 175, 177, 178, 184, 185, 186, 187, 194, 213, 216, 217, 218, 219, 221, 228, 231, 234, 239, 242, 243, 245, 250, 274, 275, 277, 278, 283, 284, 286, 289, 291, 292, 293, 296, 297, 298, 299, 300, 301, 307, 323, 326, 327, 328, 332, 333, 335, 336, 340, 341, 347, 351, 352, 355, 356, 357, 358, 360, 365, 372, 375, 376, 379, 386, 410, 411, 413, 414, 415, 418, 419, 420, 421, 424, 427, 428, 429, 430, 435, 454, 455, 456, 458, 459, 460, 464, 465, 466], "summary": {"covered_lines": 109, "num_statements": 122, "percent_covered": 89.34426229508196, "percent_covered_display": "89", "missing_lines": 13, "excluded_lines": 0}, "missing_lines": [128, 129, 188, 189, 222, 246, 294, 302, 303, 329, 361, 366, 380], "excluded_lines": []}, "": {"executed_lines": [1, 8, 9, 10, 11, 14, 15, 16, 18, 27, 28, 30, 45, 46, 70, 71, 74, 86, 97, 152, 196, 252, 309, 390, 441], "summary": {"covered_lines": 22, "num_statements": 22, "percent_covered": 100.0, "percent_covered_display": "100", "missing_lines": 0, "excluded_lines": 0}, "missing_lines": [], "excluded_lines": []}}}, "app/services/telemetry_service.py": {"executed_lines": [1, 8, 9, 10, 11, 12, 16, 19, 20, 22, 23, 24, 27, 28, 30, 33, 34, 63, 83, 104, 106, 108, 128, 130, 133, 136, 143, 145, 147, 149, 151, 156, 166, 167, 168, 173, 194, 195, 197, 198, 200, 202, 203, 207, 210, 211, 215, 218, 219, 223, 226, 228, 230, 243, 244, 248], "summary": {"covered_lines": 52, "num_statements": 52, "percent_covered": 100.0, "percent_covered_display": "100", "missing_lines": 0, "excluded_lines": 0}, "missing_lines": [], "excluded_lines": [], "functions": {"TelemetryService.__init__": {"executed_lines": [106], "summary": {"covered_lines": 1, "num_statements": 1, "percent_covered": 100.0, "percent_covered_display": "100", "missing_lines": 0, "excluded_lines": 0}, "missing_lines": [], "excluded_lines": []}, "TelemetryService.track_event": {"executed_lines": [128, 130, 133, 136, 143, 145, 147, 149, 151], "summary": {"covered_lines": 9, "num_statements": 9, "percent_covered": 100.0, "percent_covered_display": "100", "missing_lines": 0, "excluded_lines": 0}, "missing_lines": [], "excluded_lines": []}, "TelemetryService._validate_event_type": {"executed_lines": [166, 167, 168], "summary": {"covered_lines": 3, "num_statements": 3, "percent_covered": 100.0, "percent_covered_display": "100", "missing_lines": 0, "excluded_lines": 0}, "missing_lines": [], "excluded_lines": []}, "TelemetryService._scrub_properties": {"executed_lines": [194, 195, 197, 198, 200, 202, 203, 207, 210, 211, 215, 218, 219, 223, 226, 228], "summary": {"covered_lines": 16, "num_statements": 16, "percent_covered": 100.0, "percent_covered_display": "100", "missing_lines": 0, "excluded_lines": 0}, "missing_lines": [], "excluded_lines": []}, "TelemetryService.validate_event": {"executed_lines": [243, 244], "summary": {"covered_lines": 2, "num_statements": 2, "percent_covered": 100.0, "percent_covered_display": "100", "missing_lines": 0, "excluded_lines": 0}, "missing_lines": [], "excluded_lines": []}, "": {"executed_lines": [1, 8, 9, 10, 11, 12, 16, 19, 20, 22, 23, 24, 27, 28, 30, 33, 34, 63, 83, 104, 108, 156, 173, 230, 248], "summary": {"covered_lines": 21, "num_statements": 21, "percent_covered": 100.0, "percent_covered_display": "100", "missing_lines": 0, "excluded_lines": 0}, "missing_lines": [], "excluded_lines": []}}, "classes": {"EventType": {"executed_lines": [], "summary": {"covered_lines": 0, "num_statements": 0, "percent_covered": 100.0, "percent_covered_display": "100", "missing_lines": 0, "excluded_lines": 0}, "missing_lines": [], "excluded_lines": []}, "TelemetryError": {"executed_lines": [], "summary": {"covered_lines": 0, "num_statements": 0, "percent_covered": 100.0, "percent_covered_display": "100", "missing_lines": 0, "excluded_lines": 0}, "missing_lines": [], "excluded_lines": []}, "TelemetryService": {"executed_lines": [106, 128, 130, 133, 136, 143, 145, 147, 149, 151, 166, 167, 168, 194, 195, 197, 198, 200, 202, 203, 207, 210, 211, 215, 218, 219, 223, 226, 228, 243, 244], "summary": {"covered_lines": 31, "num_statements": 31, "percent_covered": 100.0, "percent_covered_display": "100", "missing_lines": 0, "excluded_lines": 0}, "missing_lines": [], "excluded_lines": []}, "": {"executed_lines": [1, 8, 9, 10, 11, 12, 16, 19, 20, 22, 23, 24, 27, 28, 30, 33, 34, 63, 83, 104, 108, 156, 173, 230, 248], "summary": {"covered_lines": 21, "num_statements": 21, "percent_covered": 100.0, "percent_covered_display": "100", "missing_lines": 0, "excluded_lines": 0}, "missing_lines": [], "excluded_lines": []}}}, "app/services/visualization_service.py": {"executed_lines": [1, 8, 9, 12, 13, 16, 19, 22, 24, 32, 33, 48, 50, 67, 69, 70, 71, 73, 75, 91, 94, 97, 100, 102, 111, 126, 127, 130, 133, 135, 136, 137, 140, 142, 145, 146, 149, 151, 158, 159, 161, 163, 177, 179, 183, 184, 185, 188, 189, 190, 192, 194, 209, 210, 211, 212, 214, 216, 229, 231], "summary": {"covered_lines": 58, "num_statements": 61, "percent_covered": 95.08196721311475, "percent_covered_display": "95", "missing_lines": 3, "excluded_lines": 0}, "missing_lines": [20, 131, 180], "excluded_lines": [], "functions": {"VisualizationService.dsl_to_frames": {"executed_lines": [67, 69, 70, 71, 73], "summary": {"covered_lines": 5, "num_statements": 5, "percent_covered": 100.0, "percent_covered_display": "100", "missing_lines": 0, "excluded_lines": 0}, "missing_lines": [], "excluded_lines": []}, "VisualizationService._round_to_frame": {"executed_lines": [91, 94, 97, 100, 102], "summary": {"covered_lines": 5, "num_statements": 5, "percent_covered": 100.0, "percent_covered_display": "100", "missing_lines": 0, "excluded_lines": 0}, "missing_lines": [], "excluded_lines": []}, "VisualizationService._generate_nodes": {"executed_lines": [126, 127, 130, 133, 135, 136, 137, 140, 142, 145, 146, 149, 151, 158, 159, 161], "summary": {"covered_lines": 16, "num_statements": 17, "percent_covered": 94.11764705882354, "percent_covered_display": "94", "missing_lines": 1, "excluded_lines": 0}, "missing_lines": [131], "excluded_lines": []}, "VisualizationService._generate_edges": {"executed_lines": [177, 179, 183, 184, 185, 188, 189, 190, 192], "summary": {"covered_lines": 9, "num_statements": 10, "percent_covered": 90.0, "percent_covered_display": "90", "missing_lines": 1, "excluded_lines": 0}, "missing_lines": [180], "excluded_lines": []}, "VisualizationService._get_highlight": {"executed_lines": [209, 210, 211, 212, 214], "summary": {"covered_lines": 5, "num_statements": 5, "percent_covered": 100.0, "percent_covered_display": "100", "missing_lines": 0, "excluded_lines": 0}, "missing_lines": [], "excluded_lines": []}, "VisualizationService.pattern_to_visualization": {"executed_lines": [229, 231], "summary": {"covered_lines": 2, "num_statements": 2, "percent_covered": 100.0, "percent_covered_display": "100", "missing_lines": 0, "excluded_lines": 0}, "missing_lines": [], "excluded_lines": []}, "": {"executed_lines": [1, 8, 9, 12, 13, 16, 19, 22, 24, 32, 33, 48, 50, 75, 111, 163, 194, 216], "summary": {"covered_lines": 16, "num_statements": 17, "percent_covered": 94.11764705882354, "percent_covered_display": "94", "missing_lines": 1, "excluded_lines": 0}, "missing_lines": [20], "excluded_lines": []}}, "classes": {"VisualizationService": {"executed_lines": [67, 69, 70, 71, 73, 91, 94, 97, 100, 102, 126, 127, 130, 133, 135, 136, 137, 140, 142, 145, 146, 149, 151, 158, 159, 161, 177, 179, 183, 184, 185, 188, 189, 190, 192, 209, 210, 211, 212, 214, 229, 231], "summary": {"covered_lines": 42, "num_statements": 44, "percent_covered": 95.45454545454545, "percent_covered_display": "95", "missing_lines": 2, "excluded_lines": 0}, "missing_lines": [131, 180], "excluded_lines": []}, "": {"executed_lines": [1, 8, 9, 12, 13, 16, 19, 22, 24, 32, 33, 48, 50, 75, 111, 163, 194, 216], "summary": {"covered_lines": 16, "num_statements": 17, "percent_covered": 94.11764705882354, "percent_covered_display": "94", "missing_lines": 1, "excluded_lines": 0}, "missing_lines": [20], "excluded_lines": []}}}}, "totals": {"covered_lines": 631, "num_statements": 682, "percent_covered": 92.52199413489735, "percent_covered_display": "93", "missing_lines": 51, "excluded_lines": 0}}